<?xml version="1.0" encoding="UTF-8"?>
<!-- Generated by org.testng.reporters.JUnitXMLReporter -->
<testsuite ignored="0" hostname="IBM-CHV7NM3" failures="0" tests="3" name="SubmitOrderTest" time="29.404" errors="0" timestamp="2025-01-05T00:49:15 IST">
  <testcase classname="ecom.tests.SubmitOrderTest" name="submitOrder" time="10.12"/>
  <testcase classname="ecom.tests.SubmitOrderTest" name="submitOrder" time="10.545"/>
  <testcase classname="ecom.tests.SubmitOrderTest" name="orderHistory" time="0.806"/>
</testsuite> <!-- SubmitOrderTest -->
