<?xml version="1.0" encoding="UTF-8"?>
<!-- Generated by org.testng.reporters.JUnitXMLReporter -->
<testsuite ignored="1" hostname="IBM-CHV7NM3" failures="0" tests="2" name="ErrorValidationTest" time="28.578" errors="0" timestamp="2025-01-06T01:54:49 IST">
  <testcase classname="ecom.tests.ErrorValidation" name="LoginErrorValidation" time="4.213">
    <skipped/>
  </testcase> <!-- LoginErrorValidation -->
  <testcase classname="ecom.tests.ErrorValidation" name="LoginErrorValidation" time="1.412"/>
  <testcase classname="ecom.tests.ErrorValidation" name="ProductErrorValidation" time="0.0">
    <ignored/>
  </testcase> <!-- ProductErrorValidation -->
</testsuite> <!-- ErrorValidationTest -->
